Performing C SOURCE FILE Test CMAKE_HAVE_LIBC_PTHREAD failed with the following output:
Change Dir: /home/lbackes/geant4/geant4-v11.0.1/projects/barium_project/build/CMakeFiles/CMakeTmp

Run Build Command(s):/usr/bin/gmake -f Makefile cmTC_b6b9c/fast && /usr/bin/gmake  -f CMakeFiles/cmTC_b6b9c.dir/build.make CMakeFiles/cmTC_b6b9c.dir/build
gmake[1]: Entering directory '/home/lbackes/geant4/geant4-v11.0.1/projects/barium_project/build/CMakeFiles/CMakeTmp'
Building C object CMakeFiles/cmTC_b6b9c.dir/src.c.o
/usr/lib64/ccache/cc -DCMAKE_HAVE_LIBC_PTHREAD   -o CMakeFiles/cmTC_b6b9c.dir/src.c.o -c /home/lbackes/geant4/geant4-v11.0.1/projects/barium_project/build/CMakeFiles/CMakeTmp/src.c
Linking C executable cmTC_b6b9c
/usr/bin/cmake -E cmake_link_script CMakeFiles/cmTC_b6b9c.dir/link.txt --verbose=1
/usr/lib64/ccache/cc CMakeFiles/cmTC_b6b9c.dir/src.c.o -o cmTC_b6b9c 
CMakeFiles/cmTC_b6b9c.dir/src.c.o: In function `main':
src.c:(.text+0x2d): undefined reference to `pthread_create'
src.c:(.text+0x39): undefined reference to `pthread_detach'
src.c:(.text+0x45): undefined reference to `pthread_cancel'
src.c:(.text+0x56): undefined reference to `pthread_join'
collect2: error: ld returned 1 exit status
gmake[1]: *** [CMakeFiles/cmTC_b6b9c.dir/build.make:99: cmTC_b6b9c] Error 1
gmake[1]: Leaving directory '/home/lbackes/geant4/geant4-v11.0.1/projects/barium_project/build/CMakeFiles/CMakeTmp'
gmake: *** [Makefile:127: cmTC_b6b9c/fast] Error 2


Source file was:
#include <pthread.h>

static void* test_func(void* data)
{
  return data;
}

int main(void)
{
  pthread_t thread;
  pthread_create(&thread, NULL, test_func, NULL);
  pthread_detach(thread);
  pthread_cancel(thread);
  pthread_join(thread, NULL);
  pthread_atfork(NULL, NULL, NULL);
  pthread_exit(NULL);

  return 0;
}

